app/build/outputs/mapping/release/seeds.txt
com.example.skamaraju.owepalapplication.R$anim: int abc_fade_in
com.example.skamaraju.owepalapplication.R$anim: int abc_fade_out
com.example.skamaraju.owepalapplication.R$anim: int abc_slide_in_bottom
com.example.skamaraju.owepalapplication.R$anim: int abc_slide_in_top
com.example.skamaraju.owepalapplication.R$anim: int abc_slide_out_bottom
com.example.skamaraju.owepalapplication.R$anim: int abc_slide_out_top
com.example.skamaraju.owepalapplication.R$attr: int actionBarDivider
com.example.skamaraju.owepalapplication.R$attr: int actionBarItemBackground
com.example.skamaraju.owepalapplication.R$attr: int actionBarPopupTheme
com.example.skamaraju.owepalapplication.R$attr: int actionBarSize
com.example.skamaraju.owepalapplication.R$attr: int actionBarSplitStyle
com.example.skamaraju.owepalapplication.R$attr: int actionBarStyle
com.example.skamaraju.owepalapplication.R$attr: int actionBarTabBarStyle
com.example.skamaraju.owepalapplication.R$attr: int actionBarTabStyle
com.example.skamaraju.owepalapplication.R$attr: int actionBarTabTextStyle
com.example.skamaraju.owepalapplication.R$attr: int actionBarTheme
com.example.skamaraju.owepalapplication.R$attr: int actionBarWidgetTheme
com.example.skamaraju.owepalapplication.R$attr: int actionButtonStyle
com.example.skamaraju.owepalapplication.R$attr: int actionDropDownStyle
com.example.skamaraju.owepalapplication.R$attr: int actionLayout
com.example.skamaraju.owepalapplication.R$attr: int actionMenuTextAppearance
com.example.skamaraju.owepalapplication.R$attr: int actionMenuTextColor
com.example.skamaraju.owepalapplication.R$attr: int actionModeBackground
com.example.skamaraju.owepalapplication.R$attr: int actionModeCloseButtonStyle
com.example.skamaraju.owepalapplication.R$attr: int actionModeCloseDrawable
com.example.skamaraju.owepalapplication.R$attr: int actionModeCopyDrawable
com.example.skamaraju.owepalapplication.R$bool: int abc_action_bar_embed_tabs
com.example.skamaraju.owepalapplication.R$bool: int abc_action_bar_embed_tabs_pre_jb
com.example.skamaraju.owepalapplication.R$bool: int abc_action_bar_expanded_action_views_exclusive
com.example.skamaraju.owepalapplication.R$bool: int abc_config_actionMenuItemAllCaps
com.example.skamaraju.owepalapplication.R$bool: int abc_config_allowActionMenuItemTextWithIcon
com.example.skamaraju.owepalapplication.R$bool: int abc_config_showMenuShortcutsWhenKeyboardPresent
com.example.skamaraju.owepalapplication.R$color: int abc_background_cache_hint_selector_material_dark
com.example.skamaraju.owepalapplication.R$color: int abc_background_cache_hint_selector_material_light
com.example.skamaraju.owepalapplication.R$color: int abc_input_method_navigation_guard
com.example.skamaraju.owepalapplication.R$color: int abc_primary_text_disable_only_material_dark
com.example.skamaraju.owepalapplication.R$color: int abc_primary_text_disable_only_material_light
com.example.skamaraju.owepalapplication.R$color: int abc_primary_text_material_dark
com.example.skamaraju.owepalapplication.R$color: int abc_primary_text_material_light
com.example.skamaraju.owepalapplication.R$color: int abc_search_url_text
com.example.skamaraju.owepalapplication.R$color: int abc_search_url_text_normal
com.example.skamaraju.owepalapplication.R$color: int abc_search_url_text_pressed
com.example.skamaraju.owepalapplication.R$color: int abc_search_url_text_selected
com.example.skamaraju.owepalapplication.R$color: int abc_secondary_text_material_dark
com.example.skamaraju.owepalapplication.R$color: int abc_secondary_text_material_light
com.example.skamaraju.owepalapplication.R$color: int accent_material_dark
com.example.skamaraju.owepalapplication.R$color: int accent_material_light
com.example.skamaraju.owepalapplication.R$color: int actionbar_text
com.example.skamaraju.owepalapplication.R$color: int background_floating_material_dark
...
android.support.v4.view.ViewPager$SavedState: android.os.Parcelable$Creator CREATOR
android.support.v4.widget.DrawerLayout
android.support.v4.widget.DrawerLayout: DrawerLayout(android.content.Context)
android.support.v4.widget.DrawerLayout: DrawerLayout(android.content.Context,android.util.AttributeSet)
android.support.v4.widget.DrawerLayout: DrawerLayout(android.content.Context,android.util.AttributeSet,int)
android.support.v4.widget.DrawerLayout: void setScrimColor(int)
android.support.v4.widget.DrawerLayout: void setDrawerListener(android.support.v4.widget.DrawerLayout$DrawerListener)
android.support.v4.widget.DrawerLayout: void setDrawerLockMode(int)
android.support.v4.widget.DrawerLayout: void setStatusBarBackground(android.graphics.drawable.Drawable)
android.support.v4.widget.DrawerLayout: void setStatusBarBackground(int)
android.support.v4.widget.DrawerLayout: void setStatusBarBackgroundColor(int)
android.support.v4.widget.DrawerLayout$SavedState: android.os.Parcelable$Creator CREATOR
android.support.v4.widget.SlidingPaneLayout: void setParallaxDistance(int)
android.support.v4.widget.SlidingPaneLayout: int getParallaxDistance()
android.support.v4.widget.SlidingPaneLayout: void setSliderFadeColor(int)
android.support.v4.widget.SlidingPaneLayout: int getSliderFadeColor()
android.support.v4.widget.SlidingPaneLayout: void setCoveredFadeColor(int)
android.support.v4.widget.SlidingPaneLayout: int getCoveredFadeColor()
android.support.v4.widget.SlidingPaneLayout: void setPanelSlideListener(android.support.v4.widget.SlidingPaneLayout$PanelSlideListener)
android.support.v4.widget.SlidingPaneLayout: void setShadowDrawable(android.graphics.drawable.Drawable)
android.support.v4.widget.SlidingPaneLayout: void setShadowDrawableLeft(android.graphics.drawable.Drawable)
android.support.v4.widget.SlidingPaneLayout: void setShadowDrawableRight(android.graphics.drawable.Drawable)
android.support.v4.widget.SlidingPaneLayout: void setShadowResource(int)
android.support.v4.widget.SlidingPaneLayout: void setShadowResourceLeft(int)
android.support.v4.widget.SlidingPaneLayout: void setShadowResourceRight(int)
android.support.v4.widget.SlidingPaneLayout$SavedState: android.os.Parcelable$Creator CREATOR
android.support.v4.widget.SwipeRefreshLayout: void setColorViewAlpha(int)
android.support.v4.widget.SwipeRefreshLayout: void setSize(int)
android.support.v4.widget.SwipeRefreshLayout: void setOnRefreshListener(android.support.v4.widget.SwipeRefreshLayout$OnRefreshListener)
android.support.v4.widget.SwipeRefreshLayout: void setRefreshing(boolean)
android.support.v4.widget.SwipeRefreshLayout: void setAnimationProgress(float)
android.support.v4.widget.SwipeRefreshLayout: void setProgressBackgroundColor(int)
android.support.v4.widget.SwipeRefreshLayout: void setColorScheme(int[])
android.support.v4.widget.SwipeRefreshLayout: void setColorSchemeResources(int[])
android.support.v4.widget.SwipeRefreshLayout: void setColorSchemeColors(int[])
android.support.v4.widget.SwipeRefreshLayout: void setDistanceToTriggerSync(int)
android.support.v7.app.ActionBarActivity: ActionBarActivity()
android.support.v7.app.ActionBarActivity: void setContentView(android.view.View)
android.support.v7.app.ActionBarActivityDelegateBase$PanelFeatureState$SavedState: android.os.Parcelable$Creator CREATOR
android.support.v7.appcompat.R$anim: int abc_fade_in
android.support.v7.appcompat.R$anim: int abc_fade_out
android.support.v7.appcompat.R$anim: int abc_slide_in_bottom
android.support.v7.appcompat.R$anim: int abc_slide_in_top
android.support.v7.appcompat.R$anim: int abc_slide_out_bottom
android.support.v7.appcompat.R$anim: int abc_slide_out_top