app/build/outputs/mapping/release/mapping.txt
com.samhithak.owepal.activity.OwePalActivity -> com.samhithak.owepal.activity.OwePalActivity:
    com.samhithak.owepal.fragment.NavigationDrawerFragment mNavigationDrawerFragment -> n
    android.support.v4.widget.DrawerLayout mDrawerLayout -> o
    java.lang.CharSequence mTitle -> p
    void onCreate(android.os.Bundle) -> onCreate
    void onNavigationDrawerItemSelected(int) -> a
    void createAccount() -> k
    void createAccount(java.lang.String,int,int) -> a
    int[] retrieveAccountSummary() -> l
    void settleUp(java.lang.String,java.lang.Integer) -> a
    void restoreActionBar() -> m
    boolean onCreateOptionsMenu(android.view.Menu) -> onCreateOptionsMenu
    void onGetAccountDetails(com.samhithak.owepal.model.OwePalAccount) -> a
    boolean onOptionsItemSelected(android.view.MenuItem) -> onOptionsItemSelected
com.samhithak.owepal.adapter.AccountsAdapter -> com.samhithak.owepal.a.a:
    android.view.LayoutInflater mInflater -> a
    android.view.View newView(android.content.Context,android.database.Cursor,android.view.ViewGroup) -> newView
    void bindView(android.view.View,android.content.Context,android.database.Cursor) -> bindView
com.samhithak.owepal.adapter.AccountsAdapter$1 -> com.samhithak.owepal.a.b:
com.samhithak.owepal.adapter.AccountsAdapter$ViewHolder -> com.samhithak.owepal.a.c:
    android.widget.TextView name -> a
    android.widget.TextView whoOwes -> b
    android.widget.TextView amount -> c
com.samhithak.owepal.fragment.AccountDetailsFragment -> com.samhithak.owepal.fragment.a:
    com.samhithak.owepal.fragment.AccountDetailsFragment$OnAccountDetailsFragmentListener mListener -> ak
    com.samhithak.owepal.model.OwePalAccount mAccount -> ai
    java.lang.String mAccountName -> al
    java.lang.Integer mAccountBalance -> am
    java.lang.Integer mAccountIsOwed -> an
    android.widget.TextView mName -> ao
    android.widget.TextView mBalance -> ap
    android.widget.TextView mIsOwed -> aq
    android.widget.Button mRemind -> ar
    android.widget.Button mSettleUp -> as
    com.samhithak.owepal.adapter.AccountsAdapter mAdapter -> at
    android.view.View$OnClickListener mOnClickListener -> aj
    com.samhithak.owepal.fragment.AccountDetailsFragment newInstance(com.samhithak.owepal.model.OwePalAccount) -> a
    void onCreate(android.os.Bundle) -> d
    android.view.View onCreateView(android.view.LayoutInflater,android.view.ViewGroup,android.os.Bundle) -> a
    void onActivityCreated(android.os.Bundle) -> e
    void onAttach(android.app.Activity) -> a
    void onDetach() -> q
    android.support.v4.content.Loader onCreateLoader(int,android.os.Bundle) -> a
    void onLoadFinished(android.support.v4.content.Loader,android.database.Cursor) -> a
    void onLoaderReset(android.support.v4.content.Loader) -> a
    void onLoadFinished(android.support.v4.content.Loader,java.lang.Object) -> a
com.samhithak.owepal.fragment.AccountDetailsFragment$1 -> com.samhithak.owepal.fragment.b:
    com.samhithak.owepal.fragment.AccountDetailsFragment this$0 -> a
    void onClick(android.view.View) -> onClick
com.samhithak.owepal.fragment.AccountDetailsFragment$OnAccountDetailsFragmentListener -> com.samhithak.owepal.fragment.c:
    void settleUp(java.lang.String,java.lang.Integer) -> a
...
android.support.v7.internal.view.StandaloneActionMode -> android.support.v7.internal.view.b:
    android.content.Context mContext -> a
    android.support.v7.internal.widget.ActionBarContextView mContextView -> b
    android.support.v7.view.ActionMode$Callback mCallback -> c
    java.lang.ref.WeakReference mCustomView -> d
    boolean mFinished -> e
    boolean mFocusable -> f
    android.support.v7.internal.view.menu.MenuBuilder mMenu -> g
    void setTitle(java.lang.CharSequence) -> b
    void setSubtitle(java.lang.CharSequence) -> a
    void setTitle(int) -> a
    void setSubtitle(int) -> b
    void setTitleOptionalHint(boolean) -> a
    boolean isTitleOptional() -> h
    void setCustomView(android.view.View) -> a
    void invalidate() -> d
    void finish() -> c
    android.view.Menu getMenu() -> b
    java.lang.CharSequence getTitle() -> f
    java.lang.CharSequence getSubtitle() -> g
    android.view.View getCustomView() -> i
    android.view.MenuInflater getMenuInflater() -> a
    boolean onMenuItemSelected(android.support.v7.internal.view.menu.MenuBuilder,android.view.MenuItem) -> a
    void onMenuModeChange(android.support.v7.internal.view.menu.MenuBuilder) -> a
android.support.v7.internal.view.SupportActionModeWrapper -> android.support.v7.internal.view.c:
    android.content.Context mContext -> a
    android.support.v7.view.ActionMode mWrappedObject -> b
    java.lang.Object getTag() -> getTag
    void setTag(java.lang.Object) -> setTag
    void setTitle(java.lang.CharSequence) -> setTitle
    void setSubtitle(java.lang.CharSequence) -> setSubtitle
    void invalidate() -> invalidate
    void finish() -> finish
    android.view.Menu getMenu() -> getMenu
    java.lang.CharSequence getTitle() -> getTitle
    void setTitle(int) -> setTitle
    java.lang.CharSequence getSubtitle() -> getSubtitle
    void setSubtitle(int) -> setSubtitle
    android.view.View getCustomView() -> getCustomView
    void setCustomView(android.view.View) -> setCustomView
    android.view.MenuInflater getMenuInflater() -> getMenuInflater
    boolean getTitleOptionalHint() -> getTitleOptionalHint
    void setTitleOptionalHint(boolean) -> setTitleOptionalHint
    boolean isTitleOptional() -> isTitleOptional
android.support.v7.internal.view.SupportActionModeWrapper$CallbackWrapper -> android.support.v7.internal.view.d:
    android.view.ActionMode$Callback mWrappedCallback -> a
    android.content.Context mContext -> b
    android.support.v4.util.SimpleArrayMap mActionModes -> c
    android.support.v4.util.SimpleArrayMap mMenus -> d
    boolean onCreateActionMode(android.support.v7.view.ActionMode,android.view.Menu) -> a
    boolean onPrepareActionMode(android.support.v7.view.ActionMode,android.view.Menu) -> b
    boolean onActionItemClicked(android.support.v7.view.ActionMode,android.view.MenuItem) -> a
    void onDestroyActionMode(android.support.v7.view.ActionMode) -> a
    android.view.Menu getMenuWrapper(android.view.Menu) -> a
    android.view.ActionMode getActionModeWrapper(android.support.v7.view.ActionMode) -> b