app/build/outputs/mapping/release/usage.txt
com.example.skamaraju.owepalapplication.BuildConfig
com.example.skamaraju.owepalapplication.R
com.example.skamaraju.owepalapplication.R$anim
com.example.skamaraju.owepalapplication.R$attr
com.example.skamaraju.owepalapplication.R$bool
com.example.skamaraju.owepalapplication.R$color
com.example.skamaraju.owepalapplication.R$dimen
com.example.skamaraju.owepalapplication.R$drawable
com.example.skamaraju.owepalapplication.R$id
com.example.skamaraju.owepalapplication.R$integer
com.example.skamaraju.owepalapplication.R$layout
com.example.skamaraju.owepalapplication.R$menu
com.example.skamaraju.owepalapplication.R$mipmap
com.example.skamaraju.owepalapplication.R$string
com.example.skamaraju.owepalapplication.R$style
com.example.skamaraju.owepalapplication.R$styleable
com.samhithak.owepal.activity.OwePalActivity:
    private static final int ACCOUNT_ITEM
    private static final int HISTORY_ITEM
    private static final int SETTINGS_ITEM
    private static final int ACCOUNT_YOU_OWE
    private static final int ACCOUNT_OWED
    private static final int ACCOUNT_TOTAL
    private com.samhithak.owepal.model.OwePalAccount mAccount
    177:188:public void onSectionAttached(int)
    232:232:public void onFragmentInteraction(android.net.Uri)
com.samhithak.owepal.adapter.AccountsAdapter$ViewHolder:
    android.widget.ImageView icon
com.samhithak.owepal.fragment.AccountDetailsFragment:
    private static final int LOADER_ID
    private static final java.lang.String OWE_PAL_ACCOUNT_NAME
    private static final java.lang.String OWE_PAL_ACCOUNT_BALANCE
    private static final java.lang.String OWE_PAL_ACCOUNT_IS_OWED
com.samhithak.owepal.fragment.AccountFragment:
    private static final java.lang.String STATE_PREVIOUSLY_SELECTED_KEY
    private static final int LOADER_ID
com.samhithak.owepal.fragment.CreateAccountFragment:
    143:143:private void toggleButtonState(java.lang.Boolean)
com.samhithak.owepal.fragment.CreateAccountFragment$OnCreateAccountFragmentListener:
    public abstract void onFragmentInteraction(android.net.Uri)
com.samhithak.owepal.fragment.HistoryFragment:
    private static final int LOADER_ID
    private static final java.lang.String STATE_PREVIOUSLY_SELECTED_KEY
com.samhithak.owepal.fragment.NavigationDrawerFragment:
    private static final java.lang.String STATE_SELECTED_POSITION
    private static final java.lang.String PREF_USER_LEARNED_DRAWER
com.samhithak.owepal.fragment.SettingsFragment:
    private static final java.lang.String ARG_PARAM1
    private static final java.lang.String ARG_PARAM2
    44:49:public static com.samhithak.owepal.fragment.SettingsFragment newInstance(java.lang.String,java.lang.String)
    74:77:public void onButtonPressed(android.net.Uri)
com.samhithak.owepal.fragment.SettingsFragment$OnFragmentInteractionListener:
    public abstract void onFragmentInteraction(android.net.Uri)
com.samhithak.owepal.model.OwePalAccount:
    33:33:public int getTimestam()
com.samhithak.owepal.provider.AccountProvider:
    public static final java.lang.String PROVIDER_NAME
    public static final java.lang.String _ID
    public static final java.lang.String _NAME
    public static final java.lang.String _AMOUNT
    public static final java.lang.String _IS_OWED
    public static final java.lang.String _TIMESTAMP
    static final int ACCOUNTS
    static final int ACCOUNTS_ID
    static final int TRANSACTIONS
    static final int TRANSACTIONS_ID
    static final java.lang.String DATABASE_NAME
    static final java.lang.String TABLE_NAME_ACCOUNTS
    static final java.lang.String TABLE_NAME_TRANSACTIONS
    static final int DATABASE_VERSION
    static final java.lang.String CREATE_TABLE_ACCOUNTS
    static final java.lang.String CREATE_TABLE_TRANSACTION
...
android.support.v4.view.accessibility.AccessibilityEventCompat$AccessibilityEventIcsImpl
android.support.v4.view.accessibility.AccessibilityEventCompat$AccessibilityEventStubImpl
android.support.v4.view.accessibility.AccessibilityEventCompat$AccessibilityEventVersionImpl
android.support.v4.view.accessibility.AccessibilityEventCompatIcs
android.support.v4.view.accessibility.AccessibilityManagerCompat
android.support.v4.view.accessibility.AccessibilityManagerCompat$AccessibilityManagerIcsImpl
android.support.v4.view.accessibility.AccessibilityManagerCompat$AccessibilityManagerIcsImpl$1
android.support.v4.view.accessibility.AccessibilityManagerCompat$AccessibilityManagerStubImpl
android.support.v4.view.accessibility.AccessibilityManagerCompat$AccessibilityManagerVersionImpl
android.support.v4.view.accessibility.AccessibilityManagerCompat$AccessibilityStateChangeListenerCompat
android.support.v4.view.accessibility.AccessibilityManagerCompatIcs
android.support.v4.view.accessibility.AccessibilityManagerCompatIcs$1
android.support.v4.view.accessibility.AccessibilityManagerCompatIcs$AccessibilityStateChangeListenerBridge
android.support.v4.view.accessibility.AccessibilityNodeInfoCompat:
    public static final int ACTION_FOCUS
    public static final int ACTION_CLEAR_FOCUS
    public static final int ACTION_SELECT
    public static final int ACTION_CLEAR_SELECTION
    public static final int ACTION_CLICK
    public static final int ACTION_LONG_CLICK
    public static final int ACTION_ACCESSIBILITY_FOCUS
    public static final int ACTION_CLEAR_ACCESSIBILITY_FOCUS
    public static final int ACTION_NEXT_AT_MOVEMENT_GRANULARITY
    public static final int ACTION_PREVIOUS_AT_MOVEMENT_GRANULARITY
    public static final int ACTION_NEXT_HTML_ELEMENT
    public static final int ACTION_PREVIOUS_HTML_ELEMENT
    public static final int ACTION_SCROLL_FORWARD
    public static final int ACTION_SCROLL_BACKWARD
    public static final int ACTION_COPY
    public static final int ACTION_PASTE
    public static final int ACTION_CUT
    public static final int ACTION_SET_SELECTION
    public static final int ACTION_SET_TEXT
    public static final java.lang.String ACTION_ARGUMENT_MOVEMENT_GRANULARITY_INT
    public static final java.lang.String ACTION_ARGUMENT_HTML_ELEMENT_STRING
    public static final java.lang.String ACTION_ARGUMENT_EXTEND_SELECTION_BOOLEAN
    public static final java.lang.String ACTION_ARGUMENT_SELECTION_START_INT
    public static final java.lang.String ACTION_ARGUMENT_SELECTION_END_INT
    public static final java.lang.String ACTION_ARGUMENT_SET_TEXT_CHARSEQUENCE
android.support.v4.view.accessibility.AccessibilityNodeInfoCompat$1
android.support.v4.view.accessibility.AccessibilityNodeInfoCompat$AccessibilityActionCompat
android.support.v4.view.accessibility.AccessibilityNodeInfoCompat$AccessibilityNodeInfoApi21Impl:
    1094:1094:public java.util.List getActionList(java.lang.Object)
    1100:1100:public java.lang.Object obtainCollectionInfo(int,int,boolean,int)
    1106:1107:public void addAction(java.lang.Object,int,java.lang.CharSequence)
    1112:1112:public java.lang.Object obtainCollectionItemInfo(int,int,int,int,boolean,boolean)
    1118:1118:public boolean isCollectionItemSelected(java.lang.Object)